This file contains any messages produced by compilers while
running configure, to aid debugging if configure makes a mistake.

configure:532: checking for gcc
configure:609: checking whether the C compiler (gcc -O3 ) works
configure:623: gcc -o conftest -O3   conftest.c  1>&5
configure:620:1: warning: return type defaults to 'int' [-Wimplicit-int]
 main(){return(0);}
 ^~~~
configure:643: checking whether the C compiler (gcc -O3 ) is a cross-compiler
configure:648: checking whether we are using GNU C
configure:657: gcc -E conftest.c
configure:672: checking whether gcc accepts -g
configure:701: checking how to run the C preprocessor
configure:722: gcc -E  conftest.c >/dev/null 2>conftest.out
configure:762: checking for AIX
configure:793: checking for ranlib
configure:821: checking for ANSI C header files
configure:834: gcc -E  conftest.c >/dev/null 2>conftest.out
configure:901: gcc -o conftest -O3 -g -Wall -Wcast-qual -Wshadow -Wpointer-arith -Wmissing-prototypes   conftest.c  1>&5
configure: In function 'main':
configure:896:67: warning: implicit declaration of function 'exit' [-Wimplicit-function-declaration]
 if (XOR (islower (i), ISLOWER (i)) || toupper (i) != TOUPPER (i)) exit(2);
                                                                   ^~~~
configure:896:67: warning: incompatible implicit declaration of built-in function 'exit'
configure:896:67: note: include '<stdlib.h>' or provide a declaration of 'exit'
configure:897:1: warning: incompatible implicit declaration of built-in function 'exit'
 exit (0); }
 ^~~~
configure:897:1: note: include '<stdlib.h>' or provide a declaration of 'exit'
configure:926: checking for working const
configure:980: gcc -c -O3 -g -Wall -Wcast-qual -Wshadow -Wpointer-arith -Wmissing-prototypes  conftest.c 1>&5
configure: In function 'main':
configure:950:5: warning: cast discards 'const' qualifier from pointer target type [-Wcast-qual]
 p = (char**) ccp;
     ^
configure:954:15: warning: unused variable 's' [-Wunused-variable]
   char const *s = 0 ? (char *) 0 : (char const *) 0;
               ^
configure:959:7: warning: declaration of 'x' shadows a previous local [-Wshadow]
   int x[] = {25, 17};
       ^
configure:936:39: note: shadowed declaration is here
 typedef int charset[2]; const charset x;
                                       ^
configure:965:8: warning: declaration of 'p' shadows a previous local [-Wshadow]
   iptr p = 0;
        ^
configure:939:8: note: shadowed declaration is here
 char **p;
        ^
configure:974:13: warning: unused variable 'foo' [-Wunused-variable]
   const int foo = 10;
             ^~~
configure:942:27: warning: unused variable 'zero' [-Wunused-variable]
 static struct point const zero = {0,0};
                           ^~~~
configure:936:39: warning: unused variable 'x' [-Wunused-variable]
 typedef int charset[2]; const charset x;
                                       ^
configure:956:5: warning: 't' is used uninitialized in this function [-Wuninitialized]
   *t++ = 0;
    ~^~
configure:971:21: warning: 'b' is used uninitialized in this function [-Wuninitialized]
   struct s *b; b->j = 5;
                ~~~~~^~~
configure:1001: checking for size_t
configure:1034: checking size of short
configure:1053: gcc -o conftest -O3 -g -Wall -Wcast-qual -Wshadow -Wpointer-arith -Wmissing-prototypes   conftest.c  1>&5
configure:1044:1: warning: return type defaults to 'int' [-Wimplicit-int]
 main()
 ^~~~
configure: In function 'main':
configure:1047:11: warning: implicit declaration of function 'exit' [-Wimplicit-function-declaration]
   if (!f) exit(1);
           ^~~~
configure:1047:11: warning: incompatible implicit declaration of built-in function 'exit'
configure:1047:11: note: include '<stdlib.h>' or provide a declaration of 'exit'
configure:1048:14: warning: format '%d' expects argument of type 'int', but argument 3 has type 'long unsigned int' [-Wformat=]
   fprintf(f, "%d\n", sizeof(short));
              ^~~~~~
configure:1049:3: warning: incompatible implicit declaration of built-in function 'exit'
   exit(0);
   ^~~~
configure:1049:3: note: include '<stdlib.h>' or provide a declaration of 'exit'
configure:1073: checking size of int
configure:1092: gcc -o conftest -O3 -g -Wall -Wcast-qual -Wshadow -Wpointer-arith -Wmissing-prototypes   conftest.c  1>&5
configure:1083:1: warning: return type defaults to 'int' [-Wimplicit-int]
 main()
 ^~~~
configure: In function 'main':
configure:1086:11: warning: implicit declaration of function 'exit' [-Wimplicit-function-declaration]
   if (!f) exit(1);
           ^~~~
configure:1086:11: warning: incompatible implicit declaration of built-in function 'exit'
configure:1086:11: note: include '<stdlib.h>' or provide a declaration of 'exit'
configure:1087:14: warning: format '%d' expects argument of type 'int', but argument 3 has type 'long unsigned int' [-Wformat=]
   fprintf(f, "%d\n", sizeof(int));
              ^~~~~~
configure:1088:3: warning: incompatible implicit declaration of built-in function 'exit'
   exit(0);
   ^~~~
configure:1088:3: note: include '<stdlib.h>' or provide a declaration of 'exit'
configure:1112: checking size of long
configure:1131: gcc -o conftest -O3 -g -Wall -Wcast-qual -Wshadow -Wpointer-arith -Wmissing-prototypes   conftest.c  1>&5
configure:1122:1: warning: return type defaults to 'int' [-Wimplicit-int]
 main()
 ^~~~
configure: In function 'main':
configure:1125:11: warning: implicit declaration of function 'exit' [-Wimplicit-function-declaration]
   if (!f) exit(1);
           ^~~~
configure:1125:11: warning: incompatible implicit declaration of built-in function 'exit'
configure:1125:11: note: include '<stdlib.h>' or provide a declaration of 'exit'
configure:1126:14: warning: format '%d' expects argument of type 'int', but argument 3 has type 'long unsigned int' [-Wformat=]
   fprintf(f, "%d\n", sizeof(long));
              ^~~~~~
configure:1127:3: warning: incompatible implicit declaration of built-in function 'exit'
   exit(0);
   ^~~~
configure:1127:3: note: include '<stdlib.h>' or provide a declaration of 'exit'
configure:1151: checking size of void*
configure:1170: gcc -o conftest -O3 -g -Wall -Wcast-qual -Wshadow -Wpointer-arith -Wmissing-prototypes   conftest.c  1>&5
configure:1161:1: warning: return type defaults to 'int' [-Wimplicit-int]
 main()
 ^~~~
configure: In function 'main':
configure:1164:11: warning: implicit declaration of function 'exit' [-Wimplicit-function-declaration]
   if (!f) exit(1);
           ^~~~
configure:1164:11: warning: incompatible implicit declaration of built-in function 'exit'
configure:1164:11: note: include '<stdlib.h>' or provide a declaration of 'exit'
configure:1165:14: warning: format '%d' expects argument of type 'int', but argument 3 has type 'long unsigned int' [-Wformat=]
   fprintf(f, "%d\n", sizeof(void*));
              ^~~~~~
configure:1166:3: warning: incompatible implicit declaration of built-in function 'exit'
   exit(0);
   ^~~~
configure:1166:3: note: include '<stdlib.h>' or provide a declaration of 'exit'
configure:1195: checking for random
configure:1223: gcc -o conftest -O3 -g -Wall -Wcast-qual -Wshadow -Wpointer-arith -Wmissing-prototypes   conftest.c  1>&5
configure:1195: checking for modf
configure:1223: gcc -o conftest -O3 -g -Wall -Wcast-qual -Wshadow -Wpointer-arith -Wmissing-prototypes   conftest.c  1>&5
configure:1207:6: warning: conflicting types for built-in function 'modf' [-Wbuiltin-declaration-mismatch]
 char $ac_func();
      ^~~~
configure:1346: checking if random is defined in stdlib.h
configure:1373: checking whether make sets ${MAKE}
